<?xml version="1.0" encoding="UTF-8"?>
<!-- Generated by org.testng.reporters.JUnitReportReporter -->
<testsuite hostname="DESKTOP-5V1E4E3" failures="0" tests="4" name="testngProject.PriorityInTestNG" time="0.006" errors="0" timestamp="2022-11-17T17:19:34 IST" skipped="0">
  <testcase classname="testngProject.PriorityInTestNG" name="seleniumClass" time="0.002"/>
  <system-out/>
  <testcase classname="testngProject.PriorityInTestNG" name="javaClass" time="0.002"/>
  <system-out/>
  <testcase classname="testngProject.PriorityInTestNG" name="demoClass" time="0.001"/>
  <system-out/>
  <testcase classname="testngProject.PriorityInTestNG" name="frameworkClass" time="0.001"/>
  <system-out/>
</testsuite> <!-- testngProject.PriorityInTestNG -->
