<?xml version="1.0" encoding="UTF-8"?>
<!-- Generated by org.testng.reporters.JUnitReportReporter -->
<testsuite hostname="DESKTOP-5V1E4E3" failures="0" tests="3" name="testngProject.TestngProjectDemoThird" time="27.261" errors="0" timestamp="2022-11-17T17:19:34 IST" skipped="0">
  <testcase classname="testngProject.TestngProjectDemoThird" name="browserLaunch" time="6.917"/>
  <system-out/>
  <testcase classname="testngProject.TestngProjectDemoThird" name="browserLaunch" time="10.769"/>
  <system-out/>
  <testcase classname="testngProject.TestngProjectDemoThird" name="browserLaunch" time="9.575"/>
  <system-out/>
</testsuite> <!-- testngProject.TestngProjectDemoThird -->
