<?xml version="1.0" encoding="UTF-8"?>
<!-- Generated by org.testng.reporters.JUnitReportReporter -->
<testsuite hostname="DESKTOP-5V1E4E3" failures="0" tests="2" name="com.testng.project.AllAnnotationInTestng" time="0.022" errors="0" timestamp="19 Nov 2022 02:50:24 GMT" skipped="0">
  <testcase classname="com.testng.project.AllAnnotationInTestng" name="testCaseOne" time="0.011"/>
  <testcase classname="com.testng.project.AllAnnotationInTestng" name="secondTestCAse" time="0.011"/>
</testsuite> <!-- com.testng.project.AllAnnotationInTestng -->
