<?xml version="1.0" encoding="UTF-8"?>
<!-- Generated by org.testng.reporters.JUnitReportReporter -->
<testsuite hostname="DESKTOP-5V1E4E3" failures="0" tests="1" name="com.testng.project.FaceBook" time="11.269" errors="0" timestamp="19 Nov 2022 02:45:51 GMT" skipped="0">
  <testcase classname="com.testng.project.FaceBook" name="FacebookLogin" time="11.269"/>
</testsuite> <!-- com.testng.project.FaceBook -->
