<?xml version="1.0" encoding="UTF-8"?>
<!-- Generated by org.testng.reporters.JUnitReportReporter -->
<testsuite hostname="DESKTOP-5V1E4E3" failures="0" tests="2" name="com.testng.project.AnnotationAvailInTestng" time="0.030" errors="0" timestamp="19 Nov 2022 10:07:15 GMT" skipped="0">
  <testcase classname="com.testng.project.AnnotationAvailInTestng" name="actualTestCaseTwo" time="0.009"/>
  <testcase classname="com.testng.project.AnnotationAvailInTestng" name="actualTestCaseOne" time="0.021"/>
</testsuite> <!-- com.testng.project.AnnotationAvailInTestng -->
