<?xml version="1.0" encoding="UTF-8"?>
<!-- Generated by org.testng.reporters.JUnitReportReporter -->
<testsuite hostname="DESKTOP-5V1E4E3" failures="0" tests="2" name="com.testng.project.DataProviderTestNG" time="23.503" errors="0" timestamp="11 Nov 2022 02:55:35 GMT" skipped="0">
  <testcase classname="com.testng.project.DataProviderTestNG" name="faceBookLogin" time="12.900"/>
  <testcase classname="com.testng.project.DataProviderTestNG" name="faceBookLogin" time="10.603"/>
</testsuite> <!-- com.testng.project.DataProviderTestNG -->
