<?xml version="1.0" encoding="UTF-8"?>
<!-- Generated by org.testng.reporters.JUnitReportReporter -->
<testsuite hostname="DESKTOP-5V1E4E3" failures="0" tests="2" name="com.testng.project.AnnotationInTestNG" time="30.970" errors="0" timestamp="14 Nov 2022 09:23:26 GMT" skipped="0">
  <testcase classname="com.testng.project.AnnotationInTestNG" name="faceBookLogin" time="12.822"/>
  <testcase classname="com.testng.project.AnnotationInTestNG" name="amazonLogin" time="18.148"/>
</testsuite> <!-- com.testng.project.AnnotationInTestNG -->
