<?xml version="1.0" encoding="UTF-8"?>
<!-- Generated by org.testng.reporters.JUnitReportReporter -->
<testsuite hostname="DESKTOP-5V1E4E3" failures="0" tests="2" name="com.testng.project.TestngDataProviderConcept" time="41.437" errors="0" timestamp="10 Nov 2022 04:58:53 GMT" skipped="0">
  <testcase classname="com.testng.project.TestngDataProviderConcept" name="faceBookLogin" time="17.624"/>
  <testcase classname="com.testng.project.TestngDataProviderConcept" name="faceBookLogin" time="23.813"/>
</testsuite> <!-- com.testng.project.TestngDataProviderConcept -->
