<?xml version="1.0" encoding="UTF-8"?>
<!-- Generated by org.testng.reporters.JUnitReportReporter -->
<testsuite hostname="DESKTOP-5V1E4E3" failures="0" tests="2" name="com.testng.project.DataProviderInFaceBook" time="47.933" errors="0" timestamp="11 Nov 2022 09:05:46 GMT" skipped="0">
  <testcase classname="com.testng.project.DataProviderInFaceBook" name="faceBookLogin" time="26.699"/>
  <testcase classname="com.testng.project.DataProviderInFaceBook" name="faceBookLogin" time="21.234"/>
</testsuite> <!-- com.testng.project.DataProviderInFaceBook -->
