<?xml version="1.0" encoding="UTF-8"?>
<!-- Generated by org.testng.reporters.JUnitReportReporter -->
<testsuite hostname="DESKTOP-5V1E4E3" failures="0" tests="1" name="com.testng.project.MultiTestClass" time="9.182" errors="0" timestamp="19 Nov 2022 10:28:53 GMT" skipped="0">
  <testcase classname="com.testng.project.MultiTestClass" name="snapdealWebSite" time="9.182"/>
</testsuite> <!-- com.testng.project.MultiTestClass -->
