<?xml version="1.0" encoding="UTF-8"?>
<!-- Generated by org.testng.reporters.JUnitReportReporter -->
<testsuite hostname="DESKTOP-5V1E4E3" failures="0" tests="2" name="com.testng.project.DependsOnLogin" time="15.418" errors="0" timestamp="18 Nov 2022 11:36:04 GMT" skipped="0">
  <testcase classname="com.testng.project.DependsOnLogin" name="provideUserNameAndPassword" time="1.588"/>
  <testcase classname="com.testng.project.DependsOnLogin" name="launchFaceBook" time="13.830"/>
</testsuite> <!-- com.testng.project.DependsOnLogin -->
