<?xml version="1.0" encoding="UTF-8"?>
<!-- Generated by org.testng.reporters.JUnitReportReporter -->
<testsuite hostname="DESKTOP-5V1E4E3" failures="0" tests="2" name="com.testng.project.GroupInTestTwo" time="138.796" errors="0" timestamp="21 Nov 2022 11:45:33 GMT" skipped="0">
  <testcase classname="com.testng.project.GroupInTestTwo" name="flipKart" time="75.787"/>
  <testcase classname="com.testng.project.GroupInTestTwo" name="amazon" time="63.009"/>
</testsuite> <!-- com.testng.project.GroupInTestTwo -->
