<?xml version="1.0" encoding="UTF-8"?>
<!-- Generated by org.testng.reporters.JUnitReportReporter -->
<testsuite hostname="DESKTOP-5V1E4E3" failures="0" tests="2" name="com.testng.project.Parameter" time="21.873" errors="0" timestamp="18 Nov 2022 01:38:46 GMT" skipped="0">
  <testcase classname="com.testng.project.Parameter" name="parameterLogin" time="11.986"/>
  <testcase classname="com.testng.project.Parameter" name="parameterLogin" time="9.887"/>
</testsuite> <!-- com.testng.project.Parameter -->
