<?xml version="1.0" encoding="UTF-8"?>
<!-- Generated by org.testng.reporters.JUnitReportReporter -->
<testsuite hostname="DESKTOP-5V1E4E3" failures="0" tests="1" name="com.testng.project.DependsOnMethodsInTestNG" time="22.995" errors="0" timestamp="18 Nov 2022 02:30:38 GMT" skipped="0">
  <testcase classname="com.testng.project.DependsOnMethodsInTestNG" name="snapdealWebSite" time="22.995"/>
</testsuite> <!-- com.testng.project.DependsOnMethodsInTestNG -->
