<?xml version="1.0" encoding="UTF-8"?>
<!-- Generated by org.testng.reporters.JUnitReportReporter -->
<testsuite hostname="DESKTOP-5V1E4E3" failures="0" tests="2" name="com.testng.project.GroupingInTest" time="138.180" errors="0" timestamp="21 Nov 2022 11:45:33 GMT" skipped="0">
  <testcase classname="com.testng.project.GroupingInTest" name="amazon" time="62.974"/>
  <testcase classname="com.testng.project.GroupingInTest" name="flipKart" time="75.206"/>
</testsuite> <!-- com.testng.project.GroupingInTest -->
