<?xml version="1.0" encoding="UTF-8"?>
<!-- Generated by org.testng.reporters.JUnitReportReporter -->
<testsuite hostname="DESKTOP-5V1E4E3" failures="0" tests="2" name="seleniumMaven.TestNGDemoProject" time="0.020" errors="0" timestamp="28 Oct 2022 05:50:10 GMT" skipped="0">
  <testcase classname="seleniumMaven.TestNGDemoProject" name="testCase2" time="0.004"/>
  <testcase classname="seleniumMaven.TestNGDemoProject" name="testCase1" time="0.016"/>
</testsuite> <!-- seleniumMaven.TestNGDemoProject -->
