<?xml version="1.0" encoding="UTF-8"?>
<!-- Generated by org.testng.reporters.JUnitReportReporter -->
<testsuite hostname="DESKTOP-5V1E4E3" failures="0" tests="1" name="com.testng.project.DataDrivenFramework" time="1.329" errors="0" timestamp="21 Nov 2022 09:25:24 GMT" skipped="0">
  <testcase classname="com.testng.project.DataDrivenFramework" name="excelRead" time="1.329"/>
</testsuite> <!-- com.testng.project.DataDrivenFramework -->
