<?xml version="1.0" encoding="UTF-8"?>
<!-- Generated by org.testng.reporters.JUnitReportReporter -->
<testsuite hostname="DESKTOP-5V1E4E3" failures="0" tests="3" name="com.testng.project.ParameterizationInTestNG" time="37.219" errors="0" timestamp="11 Nov 2022 03:06:43 GMT" skipped="0">
  <testcase classname="com.testng.project.ParameterizationInTestNG" name="parameterFaceBook" time="8.927"/>
  <testcase classname="com.testng.project.ParameterizationInTestNG" name="parameterFaceBook" time="13.339"/>
  <testcase classname="com.testng.project.ParameterizationInTestNG" name="parameterFaceBook" time="14.953"/>
</testsuite> <!-- com.testng.project.ParameterizationInTestNG -->
