<?xml version="1.0" encoding="UTF-8"?>
<!-- Generated by org.testng.reporters.JUnitReportReporter -->
<testsuite hostname="DESKTOP-5V1E4E3" failures="0" tests="2" name="com.testng.project.AnnotationsAvailableInTest" time="0.019" errors="0" timestamp="21 Nov 2022 11:30:36 GMT" skipped="0">
  <testcase classname="com.testng.project.AnnotationsAvailableInTest" name="testCaseOne" time="0.012"/>
  <testcase classname="com.testng.project.AnnotationsAvailableInTest" name="secondTestCAse" time="0.007"/>
</testsuite> <!-- com.testng.project.AnnotationsAvailableInTest -->
