<?xml version="1.0" encoding="UTF-8"?>
<!-- Generated by org.testng.reporters.JUnitReportReporter -->
<testsuite hostname="DESKTOP-5V1E4E3" failures="0" tests="1" name="com.testng.project.TestNGSecondClass" time="29.583" errors="0" timestamp="10 Nov 2022 04:48:41 GMT" skipped="0">
  <testcase classname="com.testng.project.TestNGSecondClass" name="shopsyWebSite" time="29.583"/>
</testsuite> <!-- com.testng.project.TestNGSecondClass -->
