<?xml version="1.0" encoding="UTF-8"?>
<!-- Generated by org.testng.reporters.JUnitReportReporter -->
<testsuite hostname="DESKTOP-5V1E4E3" failures="0" tests="3" name="com.testng.project.ParameterInTestNGDemo" time="110.751" errors="0" timestamp="18 Nov 2022 10:22:06 GMT" skipped="0">
  <testcase classname="com.testng.project.ParameterInTestNGDemo" name="faceBookLogin" time="39.342"/>
  <testcase classname="com.testng.project.ParameterInTestNGDemo" name="faceBookLogin" time="48.202"/>
  <testcase classname="com.testng.project.ParameterInTestNGDemo" name="faceBookLogin" time="23.207"/>
</testsuite> <!-- com.testng.project.ParameterInTestNGDemo -->
