<?xml version="1.0" encoding="UTF-8"?>
<!-- Generated by org.testng.reporters.JUnitReportReporter -->
<testsuite hostname="DESKTOP-5V1E4E3" failures="0" tests="2" name="com.testng.project.DataProviders" time="43.244" errors="0" timestamp="18 Nov 2022 10:13:56 GMT" skipped="0">
  <testcase classname="com.testng.project.DataProviders" name="launchFaceBook" time="13.206"/>
  <testcase classname="com.testng.project.DataProviders" name="launchFaceBook" time="30.038"/>
</testsuite> <!-- com.testng.project.DataProviders -->
