<?xml version="1.0" encoding="UTF-8"?>
<!-- Generated by org.testng.reporters.JUnitReportReporter -->
<testsuite hostname="DESKTOP-5V1E4E3" failures="0" tests="2" name="com.testng.project.Data" time="25.462" errors="0" timestamp="18 Nov 2022 01:17:46 GMT" skipped="0">
  <testcase classname="com.testng.project.Data" name="facebookLogin" time="10.656"/>
  <testcase classname="com.testng.project.Data" name="facebookLogin" time="14.806"/>
</testsuite> <!-- com.testng.project.Data -->
