<?xml version="1.0" encoding="UTF-8"?>
<!-- Generated by org.testng.reporters.JUnitReportReporter -->
<testsuite hostname="DESKTOP-5V1E4E3" failures="0" tests="1" name="com.testng.project.FaceBookMainPage" time="11.865" errors="0" timestamp="21 Nov 2022 11:53:02 GMT" skipped="0">
  <testcase classname="com.testng.project.FaceBookMainPage" name="faceBookMain" time="11.865"/>
</testsuite> <!-- com.testng.project.FaceBookMainPage -->
