<?xml version="1.0" encoding="UTF-8"?>
<!-- Generated by org.testng.reporters.JUnitReportReporter -->
<testsuite hostname="DESKTOP-5V1E4E3" failures="0" tests="4" name="com.testng.project.DataProviderLogin" time="118.093" errors="0" timestamp="18 Nov 2022 11:59:21 GMT" skipped="0">
  <testcase classname="com.testng.project.DataProviderLogin" name="facebookLogin" time="47.118"/>
  <testcase classname="com.testng.project.DataProviderLogin" name="facebookLogin" time="34.379"/>
  <testcase classname="com.testng.project.DataProviderLogin" name="facebookLogin" time="21.875"/>
  <testcase classname="com.testng.project.DataProviderLogin" name="facebookLogin" time="14.721"/>
</testsuite> <!-- com.testng.project.DataProviderLogin -->
