<?xml version="1.0" encoding="UTF-8"?>
<!-- Generated by org.testng.reporters.JUnitReportReporter -->
<testsuite hostname="DESKTOP-5V1E4E3" failures="0" tests="2" name="com.testng.project.ParameterInTestNG" time="43.663" errors="0" timestamp="10 Nov 2022 05:22:21 GMT" skipped="0">
  <testcase classname="com.testng.project.ParameterInTestNG" name="faceBookLogin" time="11.280"/>
  <testcase classname="com.testng.project.ParameterInTestNG" name="faceBookLogin" time="32.383"/>
</testsuite> <!-- com.testng.project.ParameterInTestNG -->
