<?xml version="1.0" encoding="UTF-8"?>
<!-- Generated by org.testng.reporters.JUnitReportReporter -->
<testsuite hostname="DESKTOP-5V1E4E3" failures="0" tests="2" name="com.testng.project.DataProvider" time="52.534" errors="0" timestamp="18 Nov 2022 02:42:51 GMT" skipped="0">
  <testcase classname="com.testng.project.DataProvider" name="faceBookLogin" time="23.182"/>
  <testcase classname="com.testng.project.DataProvider" name="faceBookLogin" time="29.352"/>
</testsuite> <!-- com.testng.project.DataProvider -->
