<?xml version="1.0" encoding="UTF-8"?>
<!-- Generated by org.testng.reporters.JUnitReportReporter -->
<testsuite hostname="DESKTOP-5V1E4E3" failures="0" tests="2" name="com.testng.project.ParameterizationTest" time="21.302" errors="0" timestamp="18 Nov 2022 02:49:22 GMT" skipped="0">
  <testcase classname="com.testng.project.ParameterizationTest" name="paramterTest" time="11.645"/>
  <testcase classname="com.testng.project.ParameterizationTest" name="paramterTest" time="9.657"/>
</testsuite> <!-- com.testng.project.ParameterizationTest -->
