<?xml version="1.0" encoding="UTF-8"?>
<!-- Generated by org.testng.reporters.JUnitReportReporter -->
<testsuite hostname="DESKTOP-5V1E4E3" failures="0" tests="1" name="com.testng.project.DependsInTestng" time="13.233" errors="0" timestamp="18 Nov 2022 02:30:37 GMT" skipped="0">
  <testcase classname="com.testng.project.DependsInTestng" name="snapdealWebSite" time="13.233"/>
</testsuite> <!-- com.testng.project.DependsInTestng -->
